<?xml version="1.0" encoding="UTF-8"?>
<testng-results skipped="0" failed="0" ignored="0" total="1" passed="1">
  <reporter-output>
  </reporter-output>
  <suite name="Default suite" duration-ms="28836" started-at="2023-02-20T10:22:26 IST" finished-at="2023-02-20T10:22:55 IST">
    <groups>
    </groups>
    <test name="Default test" duration-ms="28836" started-at="2023-02-20T10:22:26 IST" finished-at="2023-02-20T10:22:55 IST">
      <class name="testScripts.ThirdTest">
        <test-method status="PASS" signature="classConfiguaration()[pri:0, instance:testScripts.ThirdTest@64f6106c]" name="classConfiguaration" is-config="true" duration-ms="959" started-at="2023-02-20T10:22:26 IST" finished-at="2023-02-20T10:22:27 IST">
          <reporter-output>
          </reporter-output>
        </test-method> <!-- classConfiguaration -->
        <test-method status="PASS" signature="methodConfiguaration()[pri:0, instance:testScripts.ThirdTest@64f6106c]" name="methodConfiguaration" is-config="true" duration-ms="7807" started-at="2023-02-20T10:22:27 IST" finished-at="2023-02-20T10:22:35 IST">
          <reporter-output>
          </reporter-output>
        </test-method> <!-- methodConfiguaration -->
        <test-method status="PASS" signature="thirdTest()[pri:0, instance:testScripts.ThirdTest@64f6106c]" name="thirdTest" duration-ms="19165" started-at="2023-02-20T10:22:35 IST" finished-at="2023-02-20T10:22:54 IST">
          <reporter-output>
          </reporter-output>
        </test-method> <!-- thirdTest -->
        <test-method status="PASS" signature="methodTearDown()[pri:0, instance:testScripts.ThirdTest@64f6106c]" name="methodTearDown" is-config="true" duration-ms="827" started-at="2023-02-20T10:22:54 IST" finished-at="2023-02-20T10:22:55 IST">
          <reporter-output>
          </reporter-output>
        </test-method> <!-- methodTearDown -->
        <test-method status="PASS" signature="classTearDown()[pri:0, instance:testScripts.ThirdTest@64f6106c]" name="classTearDown" is-config="true" duration-ms="1" started-at="2023-02-20T10:22:55 IST" finished-at="2023-02-20T10:22:55 IST">
          <reporter-output>
          </reporter-output>
        </test-method> <!-- classTearDown -->
      </class> <!-- testScripts.ThirdTest -->
    </test> <!-- Default test -->
  </suite> <!-- Default suite -->
</testng-results>
