<?xml version="1.0" encoding="UTF-8"?>
<testng-results skipped="0" failed="1" ignored="0" total="1" passed="0">
  <reporter-output>
  </reporter-output>
  <suite name="Default suite" duration-ms="41924" started-at="2023-02-18T09:15:45 IST" finished-at="2023-02-18T09:16:27 IST">
    <groups>
    </groups>
    <test name="Default test" duration-ms="41924" started-at="2023-02-18T09:15:45 IST" finished-at="2023-02-18T09:16:27 IST">
      <class name="testScripts.FourthTest">
        <test-method status="PASS" signature="classConfiguaration()[pri:0, instance:testScripts.FourthTest@64f6106c]" name="classConfiguaration" is-config="true" duration-ms="1256" started-at="2023-02-18T09:15:45 IST" finished-at="2023-02-18T09:15:46 IST">
          <reporter-output>
          </reporter-output>
        </test-method> <!-- classConfiguaration -->
        <test-method status="PASS" signature="methodConfiguaration()[pri:0, instance:testScripts.FourthTest@64f6106c]" name="methodConfiguaration" is-config="true" duration-ms="13501" started-at="2023-02-18T09:15:46 IST" finished-at="2023-02-18T09:16:00 IST">
          <reporter-output>
          </reporter-output>
        </test-method> <!-- methodConfiguaration -->
        <test-method status="FAIL" signature="fourthTest()[pri:0, instance:testScripts.FourthTest@64f6106c]" name="fourthTest" duration-ms="26229" started-at="2023-02-18T09:16:00 IST" finished-at="2023-02-18T09:16:26 IST">
          <exception class="java.lang.NullPointerException">
            <full-stacktrace>
              <![CDATA[java.lang.NullPointerException
at GenericLibraries.ExcelUtility.fetchDataFromExcel(ExcelUtility.java:55)
at testScripts.FourthTest.fourthTest(FourthTest.java:22)
at sun.reflect.NativeMethodAccessorImpl.invoke0(Native Method)
at sun.reflect.NativeMethodAccessorImpl.invoke(Unknown Source)
at sun.reflect.DelegatingMethodAccessorImpl.invoke(Unknown Source)
at java.lang.reflect.Method.invoke(Unknown Source)
at org.testng.internal.MethodInvocationHelper.invokeMethod(MethodInvocationHelper.java:133)
at org.testng.internal.TestInvoker.invokeMethod(TestInvoker.java:598)
at org.testng.internal.TestInvoker.invokeTestMethod(TestInvoker.java:173)
at org.testng.internal.MethodRunner.runInSequence(MethodRunner.java:46)
at org.testng.internal.TestInvoker$MethodInvocationAgent.invoke(TestInvoker.java:824)
at org.testng.internal.TestInvoker.invokeTestMethods(TestInvoker.java:146)
at org.testng.internal.TestMethodWorker.invokeTestMethods(TestMethodWorker.java:146)
at org.testng.internal.TestMethodWorker.run(TestMethodWorker.java:128)
at java.util.ArrayList.forEach(Unknown Source)
at org.testng.TestRunner.privateRun(TestRunner.java:794)
at org.testng.TestRunner.run(TestRunner.java:596)
at org.testng.SuiteRunner.runTest(SuiteRunner.java:377)
at org.testng.SuiteRunner.runSequentially(SuiteRunner.java:371)
at org.testng.SuiteRunner.privateRun(SuiteRunner.java:332)
at org.testng.SuiteRunner.run(SuiteRunner.java:276)
at org.testng.SuiteRunnerWorker.runSuite(SuiteRunnerWorker.java:53)
at org.testng.SuiteRunnerWorker.run(SuiteRunnerWorker.java:96)
at org.testng.TestNG.runSuitesSequentially(TestNG.java:1212)
at org.testng.TestNG.runSuitesLocally(TestNG.java:1134)
at org.testng.TestNG.runSuites(TestNG.java:1063)
at org.testng.TestNG.run(TestNG.java:1031)
at org.testng.remote.AbstractRemoteTestNG.run(AbstractRemoteTestNG.java:115)
at org.testng.remote.RemoteTestNG.initAndRun(RemoteTestNG.java:251)
at org.testng.remote.RemoteTestNG.main(RemoteTestNG.java:77)
]]>
            </full-stacktrace>
          </exception> <!-- java.lang.NullPointerException -->
          <reporter-output>
          </reporter-output>
        </test-method> <!-- fourthTest -->
        <test-method status="PASS" signature="methodTearDown()[pri:0, instance:testScripts.FourthTest@64f6106c]" name="methodTearDown" is-config="true" duration-ms="863" started-at="2023-02-18T09:16:26 IST" finished-at="2023-02-18T09:16:27 IST">
          <reporter-output>
          </reporter-output>
        </test-method> <!-- methodTearDown -->
        <test-method status="PASS" signature="classTearDown()[pri:0, instance:testScripts.FourthTest@64f6106c]" name="classTearDown" is-config="true" duration-ms="1" started-at="2023-02-18T09:16:27 IST" finished-at="2023-02-18T09:16:27 IST">
          <reporter-output>
          </reporter-output>
        </test-method> <!-- classTearDown -->
      </class> <!-- testScripts.FourthTest -->
    </test> <!-- Default test -->
  </suite> <!-- Default suite -->
</testng-results>
